# JRE version: OpenJDK Runtime Environment Zulu17.56+15-CA (17.0.14+7) (build 17.0.14+7-LTS)
# Java VM: OpenJDK 64-Bit Server VM Zulu17.56+15-CA (17.0.14+7-LTS, mixed mode, sharing, tiered, compressed oops, compressed class ptrs, g1 gc, bsd-aarch64)
Heap:
 garbage-first heap   total 606208K, used 159884K [0x00000005c0000000, 0x0000000800000000)
  region size 8192K, 20 young (163840K), 1 survivors (8192K)
 Metaspace       used 17765K, committed 18048K, reserved 1114112K
  class space    used 2587K, committed 2752K, reserved 1048576K
GC Heap History (6 events):
Event: 0.692 GC heap before
{Heap before GC invocations=0 (full 0):
 garbage-first heap   total 606208K, used 24544K [0x00000005c0000000, 0x0000000800000000)
  region size 8192K, 3 young (24576K), 0 survivors (0K)
 Metaspace       used 14070K, committed 14272K, reserved 1114112K
  class space    used 2302K, committed 2368K, reserved 1048576K
}
Event: 0.694 GC heap after
{Heap after GC invocations=1 (full 0):
 garbage-first heap   total 606208K, used 19248K [0x00000005c0000000, 0x0000000800000000)
  region size 8192K, 1 young (8192K), 1 survivors (8192K)
 Metaspace       used 14070K, committed 14272K, reserved 1114112K
  class space    used 2302K, committed 2368K, reserved 1048576K
}
Event: 4.573 GC heap before
{Heap before GC invocations=1 (full 0):
 garbage-first heap   total 606208K, used 27440K [0x00000005c0000000, 0x0000000800000000)
  region size 8192K, 3 young (24576K), 1 survivors (8192K)
 Metaspace       used 16600K, committed 16896K, reserved 1114112K
  class space    used 2549K, committed 2688K, reserved 1048576K
}
Event: 4.576 GC heap after
{Heap after GC invocations=2 (full 0):
 garbage-first heap   total 606208K, used 20775K [0x00000005c0000000, 0x0000000800000000)
  region size 8192K, 1 young (8192K), 1 survivors (8192K)
 Metaspace       used 16600K, committed 16896K, reserved 1114112K
  class space    used 2549K, committed 2688K, reserved 1048576K
}
Event: 4.923 GC heap before
{Heap before GC invocations=2 (full 0):
 garbage-first heap   total 606208K, used 53543K [0x00000005c0000000, 0x0000000800000000)
  region size 8192K, 6 young (49152K), 1 survivors (8192K)
 Metaspace       used 16925K, committed 17152K, reserved 1114112K
  class space    used 2549K, committed 2688K, reserved 1048576K
}
Event: 4.924 GC heap after
{Heap after GC invocations=3 (full 0):
 garbage-first heap   total 606208K, used 20620K [0x00000005c0000000, 0x0000000800000000)
  region size 8192K, 1 young (8192K), 1 survivors (8192K)
 Metaspace       used 16925K, committed 17152K, reserved 1114112K
  class space    used 2549K, committed 2688K, reserved 1048576K
}

